<?xml version="1.0" encoding="UTF-8"?>
<testng-results ignored="0" total="1" passed="1" failed="0" skipped="0">
  <reporter-output>
  </reporter-output>
  <suite started-at="2024-08-19T04:59:31Z" name="Default suite" finished-at="2024-08-19T04:59:36Z" duration-ms="5232">
    <groups>
    </groups>
    <test started-at="2024-08-19T04:59:31Z" name="Default test" finished-at="2024-08-19T04:59:36Z" duration-ms="5232">
      <class name="p1.c1">
        <test-method signature="t1()[pri:0, instance:p1.c1@730d2164]" started-at="2024-08-19T04:59:31Z" name="t1" finished-at="2024-08-19T04:59:36Z" duration-ms="5208" status="PASS">
          <reporter-output>
          </reporter-output>
        </test-method> <!-- t1 -->
      </class> <!-- p1.c1 -->
    </test> <!-- Default test -->
  </suite> <!-- Default suite -->
</testng-results>
